perlbench_checkspam/307550000000
perlbench_checkspam/880050000000
gcc_200/105250000000
gcc_cpdecl/113200000000
gcc_s04/1300000000
gobmk_trevorc/145200000000
gobmk_score2/262550000000
gcc_typeck/151200000000
gobmk_trevorc/231300000000
gcc_166/44600000000
gcc_scilab/54350000000
gobmk_nngs/61600000000
gobmk_nngs/363000000000
gobmk_13x13/36150000000
gcc_expr2/170300000000
gobmk_13x13/7900000000
gobmk_13x13/132950000000
gobmk_trevord/104650000000
gobmk_13x13/96400000000
gobmk_trevorc/149700000000
gobmk_13x13/48150000000
gobmk_trevord/53350000000
gobmk_trevorc/44100000000
gobmk_trevorc/26100000000
gcc_scilab/46400000000
gobmk_trevord/279450000000
gobmk_trevord/361250000000
perlbench_diffmail/30400000000
gobmk_score2/243600000000
gobmk_nngs/598750000000
gobmk_nngs/683350000000
povray/438000000000
povray/776700000000
gcc_200/102700000000
povray/675400000000
povray/564500000000
gobmk_score2/98750000000
povray/845850000000
gobmk_trevord/57400000000
gobmk_score2/272900000000
xalancbmk/846050000000
xalancbmk/768600000000
xalancbmk/631200000000
tonto/1516450000000
